mode: set
capstone-alta1/features/review/service/logic.go:16.67,21.2 1 1
capstone-alta1/features/review/service/logic.go:23.69,25.71 1 1
capstone-alta1/features/review/service/logic.go:29.2,30.22 2 1
capstone-alta1/features/review/service/logic.go:35.2,35.12 1 1
capstone-alta1/features/review/service/logic.go:25.71,27.3 1 0
capstone-alta1/features/review/service/logic.go:30.22,33.3 2 0
capstone-alta1/features/review/service/logic.go:39.84,43.16 2 0
capstone-alta1/features/review/service/logic.go:48.2,48.18 1 0
capstone-alta1/features/review/service/logic.go:43.16,46.3 2 0
capstone-alta1/features/review/service/logic.go:51.78,53.16 2 0
capstone-alta1/features/review/service/logic.go:58.2,58.18 1 0
capstone-alta1/features/review/service/logic.go:53.16,56.3 2 0
capstone-alta1/features/review/service/logic.go:62.72,64.71 1 0
capstone-alta1/features/review/service/logic.go:69.2,70.22 2 0
capstone-alta1/features/review/service/logic.go:76.2,77.16 2 0
capstone-alta1/features/review/service/logic.go:82.2,82.12 1 0
capstone-alta1/features/review/service/logic.go:64.71,66.3 1 0
capstone-alta1/features/review/service/logic.go:70.22,73.3 2 0
capstone-alta1/features/review/service/logic.go:77.16,80.3 2 0
capstone-alta1/features/review/service/logic.go:85.53,88.22 2 0
capstone-alta1/features/review/service/logic.go:94.2,95.16 2 0
capstone-alta1/features/review/service/logic.go:99.2,99.12 1 0
capstone-alta1/features/review/service/logic.go:88.22,91.3 2 0
capstone-alta1/features/review/service/logic.go:95.16,98.3 2 0
