mode: set
capstone-alta1/features/discussion/service/logic.go:19.75,24.2 1 1
capstone-alta1/features/discussion/service/logic.go:26.93,28.71 1 1
capstone-alta1/features/discussion/service/logic.go:32.2,35.22 3 1
capstone-alta1/features/discussion/service/logic.go:40.2,40.12 1 1
capstone-alta1/features/discussion/service/logic.go:28.71,30.3 1 0
capstone-alta1/features/discussion/service/logic.go:35.22,38.3 2 1
capstone-alta1/features/discussion/service/logic.go:44.80,48.16 2 0
capstone-alta1/features/discussion/service/logic.go:53.2,53.18 1 0
capstone-alta1/features/discussion/service/logic.go:48.16,51.3 2 0
capstone-alta1/features/discussion/service/logic.go:56.86,58.16 2 0
capstone-alta1/features/discussion/service/logic.go:63.2,63.18 1 0
capstone-alta1/features/discussion/service/logic.go:58.16,61.3 2 0
capstone-alta1/features/discussion/service/logic.go:67.96,69.71 1 0
capstone-alta1/features/discussion/service/logic.go:74.2,75.22 2 0
capstone-alta1/features/discussion/service/logic.go:81.2,82.16 2 0
capstone-alta1/features/discussion/service/logic.go:87.2,87.12 1 0
capstone-alta1/features/discussion/service/logic.go:69.71,71.3 1 0
capstone-alta1/features/discussion/service/logic.go:75.22,78.3 2 0
capstone-alta1/features/discussion/service/logic.go:82.16,85.3 2 0
capstone-alta1/features/discussion/service/logic.go:90.57,93.22 2 0
capstone-alta1/features/discussion/service/logic.go:99.2,100.16 2 0
capstone-alta1/features/discussion/service/logic.go:104.2,104.12 1 0
capstone-alta1/features/discussion/service/logic.go:93.22,96.3 2 0
capstone-alta1/features/discussion/service/logic.go:100.16,103.3 2 0
